<?xml version="1.0" encoding="UTF-8"?>
<coverage generated="1632503913">
  <project timestamp="1632503913">
    <package name="Unpublish_Media_Endpoint">
      <file name="/var/www/html/wp-content/plugins/unpublish-media-endpoint/inc/class-attachment-controller.php">
        <class name="Unpublish_Media_Endpoint\Attachment_Controller" namespace="Unpublish_Media_Endpoint" fullPackage="Attachment">
          <metrics complexity="7" methods="1" coveredmethods="1" conditionals="0" coveredconditionals="0" statements="11" coveredstatements="11" elements="12" coveredelements="12"/>
        </class>
        <line num="30" type="method" name="check_read_permission" visibility="public" complexity="7" crap="7" count="2"/>
        <line num="31" type="stmt" count="2"/>
        <line num="33" type="stmt" count="2"/>
        <line num="34" type="stmt" count="1"/>
        <line num="38" type="stmt" count="2"/>
        <line num="39" type="stmt" count="1"/>
        <line num="42" type="stmt" count="2"/>
        <line num="44" type="stmt" count="2"/>
        <line num="45" type="stmt" count="1"/>
        <line num="52" type="stmt" count="2"/>
        <line num="53" type="stmt" count="2"/>
        <line num="56" type="stmt" count="1"/>
        <metrics loc="58" ncloc="31" classes="1" methods="1" coveredmethods="1" conditionals="0" coveredconditionals="0" statements="11" coveredstatements="11" elements="12" coveredelements="12"/>
      </file>
    </package>
    <file name="/var/www/html/wp-content/plugins/unpublish-media-endpoint/inc/namespace.php">
      <line num="16" type="stmt" count="1"/>
      <line num="19" type="stmt" count="1"/>
      <line num="46" type="stmt" count="1"/>
      <line num="47" type="stmt" count="1"/>
      <line num="50" type="stmt" count="1"/>
      <line num="52" type="stmt" count="1"/>
      <metrics loc="53" ncloc="28" classes="0" methods="0" coveredmethods="0" conditionals="0" coveredconditionals="0" statements="6" coveredstatements="6" elements="6" coveredelements="6"/>
    </file>
    <metrics files="2" loc="111" ncloc="59" classes="1" methods="1" coveredmethods="1" conditionals="0" coveredconditionals="0" statements="17" coveredstatements="17" elements="18" coveredelements="18"/>
  </project>
</coverage>
